{"uuid":"f6fe9d17-b5df-4bab-bdb2-d67a19c2a2ef","historyId":"8474d58aafd502d113df26d248e89300","fullName":"src/test/resources/features/user/ui/TC_USER_UI_CAT_05_ui.feature:5","labels":[{"name":"tag","value":"UserUi"},{"name":"tag","value":"TC_USER_UI_CAT_05"},{"name":"host","value":"DESKTOP-26KQ787"},{"name":"thread","value":"13728@DESKTOP-26KQ787.main(1)"},{"name":"feature","value":"Empty category list message"},{"name":"story","value":"Verify no category found message displays when list is empty"},{"name":"suite","value":"Empty category list message"},{"name":"testClass","value":"Verify no category found message displays when list is empty"},{"name":"framework","value":"cucumber4jvm"},{"name":"language","value":"java"},{"name":"gherkin_uri","value":"file:///F:/7TH%20Semester/ITQA/testUItestcases/src/test/resources/features/user/ui/TC_USER_UI_CAT_05_ui.feature"},{"name":"package","value":"src.test.resources.features.user.ui.TC_USER_UI_CAT_05_ui_feature.Empty category list message"}],"links":[],"name":"Verify no category found message displays when list is empty","status":"failed","statusDetails":{"known":false,"muted":false,"flaky":false,"message":"No data but message NOT shown","trace":"java.lang.AssertionError: No data but message NOT shown\r\n\tat org.junit.Assert.fail(Assert.java:89)\r\n\tat org.junit.Assert.assertTrue(Assert.java:42)\r\n\tat user.ui.stepdefinitions.TC_USER_UI_CAT_05_Steps.no_category_found_message_should_be_displayed(TC_USER_UI_CAT_05_Steps.java:40)\r\n\tat ✽.No category found message should be displayed(file:///F:/7TH%20Semester/ITQA/testUItestcases/src/test/resources/features/user/ui/TC_USER_UI_CAT_05_ui.feature:8)\r\n"},"stage":"finished","steps":[{"name":"Given  User is logged in and no categories exist in the system","status":"passed","statusDetails":{"known":false,"muted":false,"flaky":false},"stage":"finished","steps":[],"attachments":[],"parameters":[],"start":1770490836896,"stop":1770490837794},{"name":"When  User navigates to empty categories page","status":"passed","statusDetails":{"known":false,"muted":false,"flaky":false},"stage":"finished","steps":[],"attachments":[],"parameters":[],"start":1770490837795,"stop":1770490838210},{"name":"Then  No category found message should be displayed","status":"failed","statusDetails":{"known":false,"muted":false,"flaky":false,"message":"No data but message NOT shown","trace":"java.lang.AssertionError: No data but message NOT shown\r\n\tat org.junit.Assert.fail(Assert.java:89)\r\n\tat org.junit.Assert.assertTrue(Assert.java:42)\r\n\tat user.ui.stepdefinitions.TC_USER_UI_CAT_05_Steps.no_category_found_message_should_be_displayed(TC_USER_UI_CAT_05_Steps.java:40)\r\n\tat ✽.No category found message should be displayed(file:///F:/7TH%20Semester/ITQA/testUItestcases/src/test/resources/features/user/ui/TC_USER_UI_CAT_05_ui.feature:8)\r\n"},"stage":"finished","steps":[],"attachments":[],"parameters":[],"start":1770490838211,"stop":1770490848279},{"name":"And  Message text should contain \"No categories\"","status":"skipped","statusDetails":{"known":false,"muted":false,"flaky":false},"stage":"finished","steps":[],"attachments":[],"parameters":[],"start":1770490848280,"stop":1770490848281}],"attachments":[],"parameters":[],"start":1770490836114,"stop":1770490848623}